Arguments: 
  C:\Program Files\nodejs\node.exe C:\Users\Rukhsar.pc-PC\AppData\Roaming\npm\node_modules\yarn\bin\yarn.js install

PATH: 
  C:\Users\Rukhsar.pc-PC\AppData\Roaming\npm;E:\xampp-8\php;E:\composer;E:\composer\setup\bin;C:\Program Files\dotnet\;C:\Program Files\nodejs\;C:\Users\Rukhsar.pc-PC\AppData\Local\Microsoft\WindowsApps;C:\Users\Rukhsar.pc-PC\AppData\Local\Programs\Microsoft VS Code\bin;C:\Users\Rukhsar.pc-PC\AppData\Local\Programs\Git\cmd;C:\Users\Rukhsar.pc-PC\AppData\Roaming\npm

Yarn version: 
  1.22.19

Node version: 
  14.20.0

Platform: 
  win32 x64

Trace: 
  Error: EPERM: operation not permitted, copyfile 'C:\Users\Rukhsar.pc-PC\AppData\Local\Yarn\Cache\v6\npm-@agm-core-1.1.0-6f8dcbac068f681fe4fa9b0a0cbf660588025911-integrity\node_modules\@agm\core\package.json' -> 'E:\Rukhsarbackup\Angular\Angular-Dashboard\node_modules\@agm\core\package.json'

npm manifest: 
  {
    "name": "cuba",
    "version": "0.0.0",
    "scripts": {
      "ng": "ng",
      "start": "ng serve",
      "build": "ng build",
      "test": "ng test",
      "lint": "ng lint",
      "e2e": "ng e2e"
    },
    "private": true,
    "dependencies": {
      "@agm/core": "^1.1.0",
      "@angular/animations": "~12.0.0",
      "@angular/cdk": "^11.0.1",
      "@angular/common": "~12.0.0",
      "@angular/compiler": "~12.0.0",
      "@angular/core": "~12.0.0",
      "@angular/forms": "~12.0.0",
      "@angular/platform-browser": "~12.0.0",
      "@angular/platform-browser-dynamic": "~12.0.0",
      "@angular/router": "~12.0.0",
      "@ng-bootstrap/ng-bootstrap": "^6.1.0",
      "@ngx-loading-bar/core": "^5.1.0",
      "@ngx-loading-bar/http-client": "^5.1.0",
      "@ngx-loading-bar/router": "^5.1.0",
      "@ngx-translate/core": "^13.0.0",
      "@ngx-translate/http-loader": "^6.0.0",
      "animate.css": "^4.1.0",
      "bootstrap": "^4.5.2",
      "font-awesome": "^4.7.0",
      "ngx-router-animations": "0.0.9",
      "ngx-toastr": "^16.1.0",
      "rxjs": "~6.5.5",
      "tslib": "^2.0.0",
      "web-animations-js": "^2.3.2",
      "zone.js": "~0.11.4"
    },
    "devDependencies": {
      "@angular-devkit/build-angular": "~12.0.0",
      "@angular/cli": "~12.0.0",
      "@angular/compiler-cli": "~12.0.0",
      "@angular/language-service": "~12.0.0",
      "@types/chartist": "^0.9.48",
      "@types/hammerjs": "^2.0.36",
      "@types/jasmine": "~3.5.11",
      "@types/jasminewd2": "~2.0.3",
      "@types/mousetrap": "^1.6.3",
      "@types/node": "^14.0.13",
      "codelyzer": "^5.2.2",
      "jasmine-core": "~3.5.0",
      "jasmine-spec-reporter": "~5.0.0",
      "karma": "~6.3.2",
      "karma-chrome-launcher": "~3.1.0",
      "karma-coverage-istanbul-reporter": "~3.0.2",
      "karma-jasmine": "~3.3.0",
      "karma-jasmine-html-reporter": "^1.5.0",
      "protractor": "~7.0.0",
      "ts-node": "~8.10.2",
      "tslint": "~6.1.0",
      "typescript": "~4.2.4"
    }
  }

yarn manifest: 
  No manifest

Lockfile: 
  No lockfile
